<?xml version="1.0" encoding="UTF-8"?>
<!-- Generated by org.testng.reporters.JUnitReportReporter -->
<testsuite hostname="LTIN604559" failures="0" tests="3" name="com.tests.CorporateWellnessPageTest" time="5.272" errors="0" timestamp="2025-08-01T12:02:05 IST" skipped="0">
  <testcase classname="com.tests.CorporateWellnessPageTest" name="goToCorporateWellness" time="4.046"/>
  <testcase classname="com.tests.CorporateWellnessPageTest" name="readInputDataFromExcel" time="0.915"/>
  <testcase classname="com.tests.CorporateWellnessPageTest" name="printErrorMessages" time="0.311"/>
</testsuite> <!-- com.tests.CorporateWellnessPageTest -->
