<?xml version="1.0" encoding="UTF-8"?>
<!-- Generated by org.testng.reporters.JUnitReportReporter -->
<testsuite hostname="LTIN604559" failures="0" tests="2" name="com.tests.HomePageTest" time="31.678" errors="0" timestamp="2025-07-29T14:50:53 IST" skipped="0">
  <testcase classname="com.tests.HomePageTest" name="searchHospitals" time="10.532"/>
  <testcase classname="com.tests.HomePageTest" name="filterHospitals" time="21.146"/>
</testsuite> <!-- com.tests.HomePageTest -->
