<?xml version="1.0" encoding="UTF-8"?>
<!-- Generated by org.testng.reporters.JUnitReportReporter -->
<testsuite hostname="LTIN604559" failures="0" tests="2" name="com.tests.DiagnosticsPageTest" time="2.414" errors="0" timestamp="2025-08-01T12:25:01 IST" skipped="0">
  <testcase classname="com.tests.DiagnosticsPageTest" name="navigateToLabTests" time="2.172"/>
  <testcase classname="com.tests.DiagnosticsPageTest" name="getTopCities" time="0.242"/>
</testsuite> <!-- com.tests.DiagnosticsPageTest -->
