<?xml version="1.0" encoding="UTF-8"?>
<!-- Generated by org.testng.reporters.JUnitReportReporter -->
<testsuite hostname="LTIN604559" failures="0" tests="2" name="com.tests.DiagnosticsPageTest" time="3.215" errors="0" timestamp="2025-08-01T12:02:05 IST" skipped="0">
  <testcase classname="com.tests.DiagnosticsPageTest" name="navigateToLabTests" time="2.986"/>
  <testcase classname="com.tests.DiagnosticsPageTest" name="getTopCities" time="0.229"/>
</testsuite> <!-- com.tests.DiagnosticsPageTest -->
