<?xml version="1.0" encoding="UTF-8"?>
<!-- Generated by org.testng.reporters.JUnitReportReporter -->
<testsuite hostname="LTIN604559" failures="0" tests="3" name="com.tests.CorporateWellnessPageTest" time="5.409" errors="0" timestamp="2025-08-01T12:25:01 IST" skipped="0">
  <testcase classname="com.tests.CorporateWellnessPageTest" name="goToCorporateWellness" time="4.184"/>
  <testcase classname="com.tests.CorporateWellnessPageTest" name="readInputDataFromExcel" time="1.020"/>
  <testcase classname="com.tests.CorporateWellnessPageTest" name="printErrorMessages" time="0.205"/>
</testsuite> <!-- com.tests.CorporateWellnessPageTest -->
