<?xml version="1.0" encoding="UTF-8"?>
<!-- Generated by org.testng.reporters.JUnitReportReporter -->
<testsuite hostname="LTIN604559" failures="0" tests="3" name="com.tests.CorporateWellnessPageTest" time="14.497" errors="0" timestamp="2025-07-29T14:50:53 IST" skipped="0">
  <testcase classname="com.tests.CorporateWellnessPageTest" name="goToCorporateWellness" time="13.627"/>
  <testcase classname="com.tests.CorporateWellnessPageTest" name="readInputDataFromExcel" time="0.686"/>
  <testcase classname="com.tests.CorporateWellnessPageTest" name="printErrorMessages" time="0.184"/>
</testsuite> <!-- com.tests.CorporateWellnessPageTest -->
