<?xml version="1.0" encoding="UTF-8"?>
<!-- Generated by org.testng.reporters.JUnitReportReporter -->
<testsuite hostname="LTIN604559" failures="0" tests="2" name="com.tests.DiagnosticsPageTest" time="3.332" errors="0" timestamp="2025-07-29T14:50:53 IST" skipped="0">
  <testcase classname="com.tests.DiagnosticsPageTest" name="navigateToLabTests" time="3.138"/>
  <testcase classname="com.tests.DiagnosticsPageTest" name="getTopCities" time="0.194"/>
</testsuite> <!-- com.tests.DiagnosticsPageTest -->
