<?xml version="1.0" encoding="UTF-8"?>
<!-- Generated by org.testng.reporters.JUnitReportReporter -->
<testsuite hostname="LTIN604559" failures="0" tests="2" name="com.tests.HomePageTest" time="58.589" errors="0" timestamp="2025-08-01T12:07:14 IST" skipped="0">
  <testcase classname="com.tests.HomePageTest" name="searchHospitals" time="30.295"/>
  <testcase classname="com.tests.HomePageTest" name="filterHospitals" time="28.294"/>
</testsuite> <!-- com.tests.HomePageTest -->
